<?xml version="1.0" encoding="UTF-8"?>
<testng-results skipped="0" failed="0" ignored="0" total="1" passed="1">
  <reporter-output>
  </reporter-output>
  <suite name="Default suite" duration-ms="11687" started-at="2019-12-28T09:18:40Z" finished-at="2019-12-28T09:18:52Z">
    <groups>
    </groups>
    <test name="Default test" duration-ms="11687" started-at="2019-12-28T09:18:40Z" finished-at="2019-12-28T09:18:52Z">
      <class name="test.test_class">
        <test-method status="PASS" signature="get()[pri:0, instance:test.test_class@675d3402]" name="get" duration-ms="11657" started-at="2019-12-28T09:18:40Z" finished-at="2019-12-28T09:18:52Z">
          <reporter-output>
          </reporter-output>
        </test-method> <!-- get -->
      </class> <!-- test.test_class -->
    </test> <!-- Default test -->
  </suite> <!-- Default suite -->
</testng-results>
